<?xml version="1.0" encoding="UTF-8"?>
<testsuite xmlns:xsi="http://www.w3.org/2001/XMLSchema-instance" xsi:noNamespaceSchemaLocation="https://maven.apache.org/surefire/maven-surefire-plugin/xsd/surefire-test-report.xsd" name="io.corexchain.AppTest" time="0.02" tests="1" errors="0" skipped="0" failures="0">
  <properties>
    <property name="sun.desktop" value="gnome"/>
    <property name="awt.toolkit" value="sun.awt.X11.XToolkit"/>
    <property name="java.specification.version" value="11"/>
    <property name="sun.cpu.isalist" value=""/>
    <property name="sun.jnu.encoding" value="UTF-8"/>
    <property name="java.class.path" value="/home/zoloo/Projects/corex/verify4j/issuer/target/test-classes:/home/zoloo/Projects/corex/verify4j/issuer/target/classes:/home/zoloo/.m2/repository/org/web3j/core/4.8.7/core-4.8.7.jar:/home/zoloo/.m2/repository/org/web3j/abi/4.8.7/abi-4.8.7.jar:/home/zoloo/.m2/repository/org/web3j/utils/4.8.7/utils-4.8.7.jar:/home/zoloo/.m2/repository/org/bouncycastle/bcprov-jdk15on/1.68/bcprov-jdk15on-1.68.jar:/home/zoloo/.m2/repository/org/web3j/crypto/4.8.7/crypto-4.8.7.jar:/home/zoloo/.m2/repository/org/web3j/rlp/4.8.7/rlp-4.8.7.jar:/home/zoloo/.m2/repository/org/web3j/tuples/4.8.7/tuples-4.8.7.jar:/home/zoloo/.m2/repository/com/github/jnr/jnr-unixsocket/0.21/jnr-unixsocket-0.21.jar:/home/zoloo/.m2/repository/com/github/jnr/jnr-ffi/2.1.9/jnr-ffi-2.1.9.jar:/home/zoloo/.m2/repository/com/github/jnr/jffi/1.2.17/jffi-1.2.17.jar:/home/zoloo/.m2/repository/com/github/jnr/jffi/1.2.16/jffi-1.2.16-native.jar:/home/zoloo/.m2/repository/org/ow2/asm/asm/5.0.3/asm-5.0.3.jar:/home/zoloo/.m2/repository/org/ow2/asm/asm-commons/5.0.3/asm-commons-5.0.3.jar:/home/zoloo/.m2/repository/org/ow2/asm/asm-analysis/5.0.3/asm-analysis-5.0.3.jar:/home/zoloo/.m2/repository/org/ow2/asm/asm-tree/5.0.3/asm-tree-5.0.3.jar:/home/zoloo/.m2/repository/org/ow2/asm/asm-util/5.0.3/asm-util-5.0.3.jar:/home/zoloo/.m2/repository/com/github/jnr/jnr-a64asm/1.0.0/jnr-a64asm-1.0.0.jar:/home/zoloo/.m2/repository/com/github/jnr/jnr-x86asm/1.0.2/jnr-x86asm-1.0.2.jar:/home/zoloo/.m2/repository/com/github/jnr/jnr-constants/0.9.11/jnr-constants-0.9.11.jar:/home/zoloo/.m2/repository/com/github/jnr/jnr-enxio/0.19/jnr-enxio-0.19.jar:/home/zoloo/.m2/repository/com/github/jnr/jnr-posix/3.0.47/jnr-posix-3.0.47.jar:/home/zoloo/.m2/repository/com/squareup/okhttp3/okhttp/4.9.0/okhttp-4.9.0.jar:/home/zoloo/.m2/repository/com/squareup/okio/okio/2.8.0/okio-2.8.0.jar:/home/zoloo/.m2/repository/org/jetbrains/kotlin/kotlin-stdlib-common/1.4.0/kotlin-stdlib-common-1.4.0.jar:/home/zoloo/.m2/repository/org/jetbrains/kotlin/kotlin-stdlib/1.4.10/kotlin-stdlib-1.4.10.jar:/home/zoloo/.m2/repository/org/jetbrains/annotations/13.0/annotations-13.0.jar:/home/zoloo/.m2/repository/com/squareup/okhttp3/logging-interceptor/4.9.0/logging-interceptor-4.9.0.jar:/home/zoloo/.m2/repository/org/jetbrains/kotlin/kotlin-stdlib-jdk8/1.4.10/kotlin-stdlib-jdk8-1.4.10.jar:/home/zoloo/.m2/repository/org/jetbrains/kotlin/kotlin-stdlib-jdk7/1.4.10/kotlin-stdlib-jdk7-1.4.10.jar:/home/zoloo/.m2/repository/io/reactivex/rxjava2/rxjava/2.2.2/rxjava-2.2.2.jar:/home/zoloo/.m2/repository/org/reactivestreams/reactive-streams/1.0.2/reactive-streams-1.0.2.jar:/home/zoloo/.m2/repository/org/java-websocket/Java-WebSocket/1.3.8/Java-WebSocket-1.3.8.jar:/home/zoloo/.m2/repository/com/fasterxml/jackson/core/jackson-databind/2.10.0/jackson-databind-2.10.0.jar:/home/zoloo/.m2/repository/com/fasterxml/jackson/core/jackson-annotations/2.10.0/jackson-annotations-2.10.0.jar:/home/zoloo/.m2/repository/com/fasterxml/jackson/core/jackson-core/2.10.0/jackson-core-2.10.0.jar:/home/zoloo/.m2/repository/org/slf4j/slf4j-api/1.7.30/slf4j-api-1.7.30.jar:/home/zoloo/.m2/repository/junit/junit/4.11/junit-4.11.jar:/home/zoloo/.m2/repository/org/hamcrest/hamcrest-core/1.3/hamcrest-core-1.3.jar:"/>
    <property name="java.vm.vendor" value="Private Build"/>
    <property name="sun.arch.data.model" value="64"/>
    <property name="java.vendor.url" value="Unknown"/>
    <property name="user.timezone" value=""/>
    <property name="java.vm.specification.version" value="11"/>
    <property name="os.name" value="Linux"/>
    <property name="sun.java.launcher" value="SUN_STANDARD"/>
    <property name="user.country" value="US"/>
    <property name="sun.boot.library.path" value="/usr/lib/jvm/java-11-openjdk-amd64/lib"/>
    <property name="sun.java.command" value="/home/zoloo/Projects/corex/verify4j/issuer/target/surefire/surefirebooter9019529329436744859.jar /home/zoloo/Projects/corex/verify4j/issuer/target/surefire 2022-04-30T17-12-40_780-jvmRun1 surefire5136764393939996523tmp surefire_02720531292319696340tmp"/>
    <property name="jdk.debug" value="release"/>
    <property name="surefire.test.class.path" value="/home/zoloo/Projects/corex/verify4j/issuer/target/test-classes:/home/zoloo/Projects/corex/verify4j/issuer/target/classes:/home/zoloo/.m2/repository/org/web3j/core/4.8.7/core-4.8.7.jar:/home/zoloo/.m2/repository/org/web3j/abi/4.8.7/abi-4.8.7.jar:/home/zoloo/.m2/repository/org/web3j/utils/4.8.7/utils-4.8.7.jar:/home/zoloo/.m2/repository/org/bouncycastle/bcprov-jdk15on/1.68/bcprov-jdk15on-1.68.jar:/home/zoloo/.m2/repository/org/web3j/crypto/4.8.7/crypto-4.8.7.jar:/home/zoloo/.m2/repository/org/web3j/rlp/4.8.7/rlp-4.8.7.jar:/home/zoloo/.m2/repository/org/web3j/tuples/4.8.7/tuples-4.8.7.jar:/home/zoloo/.m2/repository/com/github/jnr/jnr-unixsocket/0.21/jnr-unixsocket-0.21.jar:/home/zoloo/.m2/repository/com/github/jnr/jnr-ffi/2.1.9/jnr-ffi-2.1.9.jar:/home/zoloo/.m2/repository/com/github/jnr/jffi/1.2.17/jffi-1.2.17.jar:/home/zoloo/.m2/repository/com/github/jnr/jffi/1.2.16/jffi-1.2.16-native.jar:/home/zoloo/.m2/repository/org/ow2/asm/asm/5.0.3/asm-5.0.3.jar:/home/zoloo/.m2/repository/org/ow2/asm/asm-commons/5.0.3/asm-commons-5.0.3.jar:/home/zoloo/.m2/repository/org/ow2/asm/asm-analysis/5.0.3/asm-analysis-5.0.3.jar:/home/zoloo/.m2/repository/org/ow2/asm/asm-tree/5.0.3/asm-tree-5.0.3.jar:/home/zoloo/.m2/repository/org/ow2/asm/asm-util/5.0.3/asm-util-5.0.3.jar:/home/zoloo/.m2/repository/com/github/jnr/jnr-a64asm/1.0.0/jnr-a64asm-1.0.0.jar:/home/zoloo/.m2/repository/com/github/jnr/jnr-x86asm/1.0.2/jnr-x86asm-1.0.2.jar:/home/zoloo/.m2/repository/com/github/jnr/jnr-constants/0.9.11/jnr-constants-0.9.11.jar:/home/zoloo/.m2/repository/com/github/jnr/jnr-enxio/0.19/jnr-enxio-0.19.jar:/home/zoloo/.m2/repository/com/github/jnr/jnr-posix/3.0.47/jnr-posix-3.0.47.jar:/home/zoloo/.m2/repository/com/squareup/okhttp3/okhttp/4.9.0/okhttp-4.9.0.jar:/home/zoloo/.m2/repository/com/squareup/okio/okio/2.8.0/okio-2.8.0.jar:/home/zoloo/.m2/repository/org/jetbrains/kotlin/kotlin-stdlib-common/1.4.0/kotlin-stdlib-common-1.4.0.jar:/home/zoloo/.m2/repository/org/jetbrains/kotlin/kotlin-stdlib/1.4.10/kotlin-stdlib-1.4.10.jar:/home/zoloo/.m2/repository/org/jetbrains/annotations/13.0/annotations-13.0.jar:/home/zoloo/.m2/repository/com/squareup/okhttp3/logging-interceptor/4.9.0/logging-interceptor-4.9.0.jar:/home/zoloo/.m2/repository/org/jetbrains/kotlin/kotlin-stdlib-jdk8/1.4.10/kotlin-stdlib-jdk8-1.4.10.jar:/home/zoloo/.m2/repository/org/jetbrains/kotlin/kotlin-stdlib-jdk7/1.4.10/kotlin-stdlib-jdk7-1.4.10.jar:/home/zoloo/.m2/repository/io/reactivex/rxjava2/rxjava/2.2.2/rxjava-2.2.2.jar:/home/zoloo/.m2/repository/org/reactivestreams/reactive-streams/1.0.2/reactive-streams-1.0.2.jar:/home/zoloo/.m2/repository/org/java-websocket/Java-WebSocket/1.3.8/Java-WebSocket-1.3.8.jar:/home/zoloo/.m2/repository/com/fasterxml/jackson/core/jackson-databind/2.10.0/jackson-databind-2.10.0.jar:/home/zoloo/.m2/repository/com/fasterxml/jackson/core/jackson-annotations/2.10.0/jackson-annotations-2.10.0.jar:/home/zoloo/.m2/repository/com/fasterxml/jackson/core/jackson-core/2.10.0/jackson-core-2.10.0.jar:/home/zoloo/.m2/repository/org/slf4j/slf4j-api/1.7.30/slf4j-api-1.7.30.jar:/home/zoloo/.m2/repository/junit/junit/4.11/junit-4.11.jar:/home/zoloo/.m2/repository/org/hamcrest/hamcrest-core/1.3/hamcrest-core-1.3.jar:"/>
    <property name="sun.cpu.endian" value="little"/>
    <property name="user.home" value="/home/zoloo"/>
    <property name="user.language" value="en"/>
    <property name="java.specification.vendor" value="Oracle Corporation"/>
    <property name="java.version.date" value="2022-04-19"/>
    <property name="java.home" value="/usr/lib/jvm/java-11-openjdk-amd64"/>
    <property name="file.separator" value="/"/>
    <property name="basedir" value="/home/zoloo/Projects/corex/verify4j/issuer"/>
    <property name="java.vm.compressedOopsMode" value="32-bit"/>
    <property name="line.separator" value="&#10;"/>
    <property name="java.specification.name" value="Java Platform API Specification"/>
    <property name="java.vm.specification.vendor" value="Oracle Corporation"/>
    <property name="java.awt.graphicsenv" value="sun.awt.X11GraphicsEnvironment"/>
    <property name="surefire.real.class.path" value="/home/zoloo/Projects/corex/verify4j/issuer/target/surefire/surefirebooter9019529329436744859.jar"/>
    <property name="sun.management.compiler" value="HotSpot 64-Bit Tiered Compilers"/>
    <property name="java.runtime.version" value="11.0.15+10-Ubuntu-0ubuntu0.20.04.1"/>
    <property name="user.name" value="zoloo"/>
    <property name="path.separator" value=":"/>
    <property name="os.version" value="5.13.0-40-generic"/>
    <property name="java.runtime.name" value="OpenJDK Runtime Environment"/>
    <property name="file.encoding" value="UTF-8"/>
    <property name="java.vm.name" value="OpenJDK 64-Bit Server VM"/>
    <property name="localRepository" value="/home/zoloo/.m2/repository"/>
    <property name="java.vendor.url.bug" value="Unknown"/>
    <property name="java.io.tmpdir" value="/tmp"/>
    <property name="idea.version" value="2021.2.2"/>
    <property name="java.version" value="11.0.15"/>
    <property name="user.dir" value="/home/zoloo/Projects/corex/verify4j/issuer"/>
    <property name="os.arch" value="amd64"/>
    <property name="java.vm.specification.name" value="Java Virtual Machine Specification"/>
    <property name="java.awt.printerjob" value="sun.print.PSPrinterJob"/>
    <property name="sun.os.patch.level" value="unknown"/>
    <property name="java.library.path" value="/usr/java/packages/lib:/usr/lib/x86_64-linux-gnu/jni:/lib/x86_64-linux-gnu:/usr/lib/x86_64-linux-gnu:/usr/lib/jni:/lib:/usr/lib"/>
    <property name="java.vm.info" value="mixed mode, sharing"/>
    <property name="java.vendor" value="Private Build"/>
    <property name="java.vm.version" value="11.0.15+10-Ubuntu-0ubuntu0.20.04.1"/>
    <property name="sun.io.unicode.encoding" value="UnicodeLittle"/>
    <property name="java.class.version" value="55.0"/>
  </properties>
  <testcase name="shouldAnswerWithTrue" classname="io.corexchain.AppTest" time="0.001"/>
</testsuite>